e:\work\gitrepos\dsl-keypad\src\bin\dslkeypad_app_icons\dslkeypa.2ab73639\x64\debug\dslkeypad_app_icons.pch
e:\work\gitrepos\dsl-keypad\src\bin\dslkeypad_app_icons\dslkeypa.2ab73639\x64\debug\vc143.pdb
e:\work\gitrepos\dsl-keypad\src\bin\dslkeypad_app_icons\dslkeypa.2ab73639\x64\debug\vc143.idb
e:\work\gitrepos\dsl-keypad\src\bin\dslkeypad_app_icons\dslkeypa.2ab73639\x64\debug\pch.obj
e:\work\gitrepos\dsl-keypad\src\bin\dslkeypad_app_icons\dslkeypa.2ab73639\x64\debug\dllmain.obj
e:\work\gitrepos\dsl-keypad\src\bin\dslkeypad_app_icons\x64\debug\dslkeypad_app_icons.dll
e:\work\gitrepos\dsl-keypad\src\bin\dslkeypad_app_icons\x64\debug\dslkeypad_app_icons.pdb
e:\work\gitrepos\dsl-keypad\src\bin\dslkeypad_app_icons\dslkeypa.2ab73639\x64\debug\resource.res
e:\work\gitrepos\dsl-keypad\src\bin\dslkeypad_app_icons\dslkeypa.2ab73639\x64\debug\dslkeypad_app_icons.ilk
e:\work\gitrepos\dsl-keypad\src\bin\dslkeypad_app_icons\dslkeypa.2ab73639\x64\debug\dslkeypa.2ab73639.tlog\cl.command.1.tlog
e:\work\gitrepos\dsl-keypad\src\bin\dslkeypad_app_icons\dslkeypa.2ab73639\x64\debug\dslkeypa.2ab73639.tlog\cl.items.tlog
e:\work\gitrepos\dsl-keypad\src\bin\dslkeypad_app_icons\dslkeypa.2ab73639\x64\debug\dslkeypa.2ab73639.tlog\cl.read.1.tlog
e:\work\gitrepos\dsl-keypad\src\bin\dslkeypad_app_icons\dslkeypa.2ab73639\x64\debug\dslkeypa.2ab73639.tlog\cl.write.1.tlog
e:\work\gitrepos\dsl-keypad\src\bin\dslkeypad_app_icons\dslkeypa.2ab73639\x64\debug\dslkeypa.2ab73639.tlog\link.command.1.tlog
e:\work\gitrepos\dsl-keypad\src\bin\dslkeypad_app_icons\dslkeypa.2ab73639\x64\debug\dslkeypa.2ab73639.tlog\link.read.1.tlog
e:\work\gitrepos\dsl-keypad\src\bin\dslkeypad_app_icons\dslkeypa.2ab73639\x64\debug\dslkeypa.2ab73639.tlog\link.secondary.1.tlog
e:\work\gitrepos\dsl-keypad\src\bin\dslkeypad_app_icons\dslkeypa.2ab73639\x64\debug\dslkeypa.2ab73639.tlog\link.write.1.tlog
e:\work\gitrepos\dsl-keypad\src\bin\dslkeypad_app_icons\dslkeypa.2ab73639\x64\debug\dslkeypa.2ab73639.tlog\rc.command.1.tlog
e:\work\gitrepos\dsl-keypad\src\bin\dslkeypad_app_icons\dslkeypa.2ab73639\x64\debug\dslkeypa.2ab73639.tlog\rc.read.1.tlog
e:\work\gitrepos\dsl-keypad\src\bin\dslkeypad_app_icons\dslkeypa.2ab73639\x64\debug\dslkeypa.2ab73639.tlog\rc.write.1.tlog
